TN:
SF:src\app-error.ts
FN:7,<instance_members_initializer>
FN:12,AppError
FN:22,validationError
FN:25,unauthorizedError
FN:28,forbiddenError
FN:31,notFoundError
FN:34,conflictError
FN:37,dependencyError
FN:40,internalError
FNF:9
FNH:9
FNDA:20,<instance_members_initializer>
FNDA:20,AppError
FNDA:5,validationError
FNDA:2,unauthorizedError
FNDA:1,forbiddenError
FNDA:2,notFoundError
FNDA:1,conflictError
FNDA:1,dependencyError
FNDA:3,internalError
DA:1,1
DA:2,1
DA:3,1
DA:4,1
DA:5,1
DA:6,1
DA:7,1
DA:8,20
DA:9,20
DA:10,20
DA:11,1
DA:12,1
DA:13,20
DA:14,20
DA:15,20
DA:16,20
DA:17,20
DA:18,20
DA:19,20
DA:20,1
DA:21,1
DA:22,1
DA:23,5
DA:24,1
DA:25,1
DA:26,2
DA:27,1
DA:28,1
DA:29,1
DA:30,1
DA:31,1
DA:32,2
DA:33,1
DA:34,1
DA:35,1
DA:36,1
DA:37,1
DA:38,1
DA:39,1
DA:40,1
DA:41,3
LF:41
LH:41
BRDA:7,0,0,20
BRDA:12,1,0,20
BRDA:17,2,0,2
BRDA:22,3,0,5
BRDA:25,4,0,2
BRDA:28,5,0,1
BRDA:31,6,0,2
BRDA:34,7,0,1
BRDA:37,8,0,1
BRDA:40,9,0,3
BRF:10
BRH:10
end_of_record
TN:
SF:src\error-handler-plugin.ts
FN:9,annotateSpanWithError
FN:24,__vite_ssr_import_2__.default.name
FN:50,isAppError
FNF:3
FNH:2
FNDA:6,annotateSpanWithError
FNDA:6,__vite_ssr_import_2__.default.name
FNDA:0,isAppError
DA:1,1
DA:2,1
DA:3,1
DA:4,1
DA:5,1
DA:6,1
DA:7,1
DA:8,1
DA:9,1
DA:10,6
DA:11,6
DA:12,6
DA:13,0
DA:14,0
DA:15,6
DA:16,6
DA:17,6
DA:18,6
DA:19,6
DA:20,6
DA:21,6
DA:22,1
DA:23,1
DA:24,1
DA:25,6
DA:26,6
DA:27,6
DA:28,6
DA:29,6
DA:30,6
DA:31,6
DA:32,6
DA:33,6
DA:34,6
DA:35,6
DA:36,6
DA:37,6
DA:38,6
DA:39,3
DA:40,3
DA:41,3
DA:42,3
DA:43,6
DA:44,6
DA:45,6
DA:46,6
DA:47,1
DA:48,1
DA:49,1
DA:50,1
LF:50
LH:48
BRDA:9,0,0,6
BRDA:12,1,0,0
BRDA:16,2,0,0
BRDA:19,3,0,0
BRDA:24,4,0,6
BRDA:25,5,0,6
BRDA:38,6,0,3
BRF:7
BRH:4
end_of_record
TN:
SF:src\error-response.ts
FN:19,toErrorResponse
FNF:1
FNH:1
FNDA:13,toErrorResponse
DA:1,1
DA:2,1
DA:3,1
DA:4,1
DA:5,1
DA:6,1
DA:7,1
DA:8,1
DA:9,1
DA:10,1
DA:11,1
DA:12,1
DA:13,1
DA:14,1
DA:15,1
DA:16,1
DA:17,1
DA:18,1
DA:19,1
DA:20,13
DA:21,13
DA:22,13
DA:23,13
DA:24,8
DA:25,8
DA:26,8
DA:27,8
DA:28,8
DA:29,8
DA:30,8
DA:31,8
DA:32,4
DA:33,4
DA:34,8
DA:35,8
DA:36,8
DA:37,8
DA:38,8
DA:39,8
DA:40,8
DA:41,5
DA:42,5
DA:43,5
DA:44,5
DA:45,5
DA:46,5
DA:47,5
DA:48,5
DA:49,5
DA:50,5
DA:51,5
DA:52,5
LF:52
LH:52
BRDA:19,0,0,13
BRDA:23,1,0,8
BRDA:31,2,0,5
BRDA:31,3,0,4
BRDA:40,4,0,5
BRF:5
BRH:5
end_of_record
TN:
SF:src\index.ts
FN:1,(empty-report)
FNF:1
FNH:0
FNDA:0,(empty-report)
DA:1,0
DA:2,0
DA:3,0
DA:4,0
DA:5,0
DA:6,0
DA:7,0
DA:8,0
DA:9,0
DA:10,0
DA:11,0
DA:12,0
DA:13,0
DA:14,0
LF:14
LH:0
BRDA:1,0,0,0
BRF:1
BRH:0
end_of_record
