TN:
SF:src\guards.ts
FN:4,requireIdentity
FN:11,requireRole
FNF:2
FNH:2
FNDA:2,requireIdentity
FNDA:18,requireRole
DA:1,1
DA:2,1
DA:3,1
DA:4,1
DA:5,2
DA:6,1
DA:7,1
DA:8,2
DA:9,1
DA:10,1
DA:11,1
DA:12,18
DA:13,5
DA:14,1
DA:15,1
DA:16,4
DA:17,5
DA:18,2
DA:19,2
DA:20,5
LF:20
LH:20
BRDA:4,0,0,2
BRDA:5,1,0,1
BRDA:11,2,0,18
BRDA:12,3,0,5
BRDA:13,4,0,1
BRDA:15,5,0,4
BRDA:17,6,0,3
BRDA:17,7,0,2
BRF:8
BRH:8
end_of_record
TN:
SF:src\identity-context.ts
FNF:0
FNH:0
DA:1,1
DA:2,1
DA:3,1
DA:4,1
DA:5,1
DA:6,1
DA:7,1
LF:7
LH:7
BRF:0
BRH:0
end_of_record
TN:
SF:src\identity-extraction.ts
FN:4,normalizeString
FN:21,extractIdentityFromHeaders
FN:28,extractIdentityFromMessageHeaders
FN:33,injectIdentityHeaders
FNF:4
FNH:4
FNDA:40,normalizeString
FNDA:15,extractIdentityFromHeaders
FNDA:3,extractIdentityFromMessageHeaders
FNDA:3,injectIdentityHeaders
DA:1,1
DA:2,1
DA:3,1
DA:4,1
DA:5,40
DA:6,25
DA:7,25
DA:8,25
DA:9,15
DA:10,40
DA:11,2
DA:12,2
DA:13,13
DA:14,40
DA:15,2
DA:16,2
DA:17,11
DA:18,11
DA:19,11
DA:20,1
DA:21,1
DA:22,15
DA:23,15
DA:24,15
DA:25,15
DA:26,15
DA:27,1
DA:28,1
DA:29,3
DA:30,3
DA:31,3
DA:32,1
DA:33,1
DA:34,3
DA:35,3
DA:36,3
DA:37,2
DA:38,2
DA:39,3
DA:40,3
DA:41,1
DA:42,1
DA:43,3
DA:44,3
DA:45,3
LF:45
LH:45
BRDA:4,0,0,40
BRDA:5,1,0,25
BRDA:7,2,0,21
BRDA:7,3,0,4
BRDA:8,4,0,15
BRDA:10,5,0,2
BRDA:12,6,0,13
BRDA:14,7,0,2
BRDA:16,8,0,11
BRDA:21,9,0,15
BRDA:28,10,0,3
BRDA:33,11,0,3
BRDA:36,12,0,2
BRDA:40,13,0,1
BRF:14
BRH:14
end_of_record
TN:
SF:src\identity-plugin.ts
FN:16,__vite_ssr_import_0__.default.name
FNF:1
FNH:1
FNDA:9,__vite_ssr_import_0__.default.name
DA:1,1
DA:2,1
DA:3,1
DA:4,1
DA:5,1
DA:6,1
DA:7,1
DA:8,1
DA:9,1
DA:10,1
DA:11,1
DA:12,1
DA:13,1
DA:14,1
DA:15,1
DA:16,1
DA:17,9
DA:18,9
DA:19,9
DA:20,9
DA:21,9
DA:22,9
DA:23,1
DA:24,1
LF:24
LH:24
BRDA:16,0,0,9
BRDA:18,1,0,9
BRF:2
BRH:2
end_of_record
TN:
SF:src\index.ts
FN:1,(empty-report)
FNF:1
FNH:0
FNDA:0,(empty-report)
DA:1,0
DA:2,0
DA:3,0
DA:4,0
DA:5,0
DA:6,0
DA:7,0
DA:8,0
DA:9,0
LF:9
LH:0
BRDA:1,0,0,0
BRF:1
BRH:0
end_of_record
