TN:
SF:src\connection-manager.ts
FN:6,sleep
FN:14,ConnectionManager
FN:16,connect
FN:30,getChannel
FN:44,isConnected
FN:48,disconnect
FN:60,connectWithRetry
FN:86,attachConnectionHandlers
FN:103,reconnect
FNF:9
FNH:9
FNDA:1,sleep
FNDA:7,ConnectionManager
FNDA:10,connect
FNDA:3,getChannel
FNDA:3,isConnected
FNDA:8,disconnect
FNDA:8,connectWithRetry
FNDA:7,attachConnectionHandlers
FNDA:1,reconnect
DA:1,1
DA:2,1
DA:3,1
DA:4,1
DA:5,1
DA:6,1
DA:7,1
DA:8,1
DA:9,1
DA:10,1
DA:11,1
DA:12,1
DA:13,1
DA:14,1
DA:15,1
DA:16,1
DA:17,10
DA:18,2
DA:19,2
DA:20,8
DA:21,10
DA:22,0
DA:23,0
DA:24,8
DA:25,8
DA:26,8
DA:27,7
DA:28,10
DA:29,1
DA:30,1
DA:31,3
DA:32,3
DA:33,3
DA:34,0
DA:35,0
DA:36,3
DA:37,3
DA:38,2
DA:39,2
DA:40,3
DA:41,3
DA:42,3
DA:43,1
DA:44,1
DA:45,3
DA:46,3
DA:47,1
DA:48,1
DA:49,8
DA:50,2
DA:51,2
DA:52,2
DA:53,8
DA:54,8
DA:55,6
DA:56,6
DA:57,6
DA:58,8
DA:59,1
DA:60,1
DA:61,8
DA:62,8
DA:63,8
DA:64,8
DA:65,8
DA:66,8
DA:67,8
DA:68,8
DA:69,8
DA:70,7
DA:71,7
DA:72,7
DA:73,8
DA:74,1
DA:75,1
DA:76,1
DA:77,1
DA:78,1
DA:79,1
DA:80,8
DA:81,1
DA:82,1
DA:83,1
DA:84,8
DA:85,1
DA:86,1
DA:87,7
DA:88,0
DA:89,0
DA:90,7
DA:91,7
DA:92,1
DA:93,7
DA:94,7
DA:95,7
DA:96,1
DA:97,1
DA:98,1
DA:99,1
DA:100,7
DA:101,7
DA:102,1
DA:103,1
DA:104,1
DA:105,0
DA:106,0
DA:107,1
DA:108,1
DA:109,1
DA:110,1
DA:111,1
DA:112,1
DA:113,1
DA:114,1
DA:115,1
DA:116,1
DA:117,1
LF:117
LH:109
BRDA:6,0,0,1
BRDA:6,1,0,1
BRDA:14,2,0,7
BRDA:16,3,0,10
BRDA:17,4,0,2
BRDA:19,5,0,8
BRDA:21,6,0,0
BRDA:23,7,0,8
BRDA:26,8,0,7
BRDA:30,9,0,3
BRDA:33,10,0,0
BRDA:37,11,0,2
BRDA:44,12,0,3
BRDA:48,13,0,8
BRDA:49,14,0,2
BRDA:54,15,0,6
BRDA:60,16,0,8
BRDA:61,17,0,0
BRDA:62,18,0,0
BRDA:69,19,0,7
BRDA:73,20,0,1
BRDA:80,21,0,1
BRDA:86,22,0,7
BRDA:87,23,0,0
BRDA:91,24,0,1
BRDA:95,25,0,1
BRDA:103,26,0,1
BRDA:104,27,0,0
BRF:28
BRH:22
end_of_record
TN:
SF:src\consumer.ts
FN:24,classifyErrorType
FN:49,classifyDlqReason
FN:80,publishToDlq
FN:113,subscribeQueue
FN:129,channel.consume.noAck
FNF:5
FNH:5
FNDA:8,classifyErrorType
FNDA:4,classifyDlqReason
FNDA:4,publishToDlq
FNDA:9,subscribeQueue
FNDA:8,channel.consume.noAck
DA:1,1
DA:2,1
DA:3,1
DA:4,1
DA:5,1
DA:6,1
DA:7,1
DA:8,1
DA:9,1
DA:10,1
DA:11,1
DA:12,1
DA:13,1
DA:14,1
DA:15,1
DA:16,1
DA:17,1
DA:18,1
DA:19,1
DA:20,1
DA:21,1
DA:22,1
DA:23,1
DA:24,1
DA:25,8
DA:26,2
DA:27,2
DA:28,6
DA:29,6
DA:30,6
DA:31,8
DA:32,2
DA:33,2
DA:34,4
DA:35,8
DA:36,2
DA:37,2
DA:38,2
DA:39,2
DA:40,2
DA:41,2
DA:42,0
DA:43,0
DA:44,0
DA:45,1
DA:46,1
DA:47,1
DA:48,1
DA:49,1
DA:50,4
DA:51,3
DA:52,3
DA:53,3
DA:54,1
DA:55,1
DA:56,2
DA:57,3
DA:58,1
DA:59,1
DA:60,1
DA:61,1
DA:62,1
DA:63,1
DA:64,0
DA:65,0
DA:66,0
DA:67,1
DA:68,1
DA:69,1
DA:70,1
DA:71,0
DA:72,0
DA:73,0
DA:74,1
DA:75,1
DA:76,1
DA:77,1
DA:78,1
DA:79,1
DA:80,1
DA:81,4
DA:82,4
DA:83,4
DA:84,4
DA:85,4
DA:86,4
DA:87,4
DA:88,4
DA:89,4
DA:90,4
DA:91,4
DA:92,4
DA:93,4
DA:94,4
DA:95,4
DA:96,4
DA:97,4
DA:98,4
DA:99,4
DA:100,4
DA:101,4
DA:102,4
DA:103,4
DA:104,4
DA:105,0
DA:106,0
DA:107,0
DA:108,0
DA:109,0
DA:110,0
DA:111,4
DA:112,1
DA:113,1
DA:114,9
DA:115,9
DA:116,9
DA:117,9
DA:118,9
DA:119,9
DA:120,9
DA:121,1
DA:122,1
DA:123,9
DA:124,9
DA:125,9
DA:126,9
DA:127,9
DA:128,9
DA:129,9
DA:130,8
DA:131,1
DA:132,1
DA:133,7
DA:134,7
DA:135,8
DA:136,8
DA:137,8
DA:138,8
DA:139,8
DA:140,8
DA:141,8
DA:142,8
DA:143,8
DA:144,7
DA:145,7
DA:146,7
DA:147,1
DA:148,1
DA:149,1
DA:150,1
DA:151,1
DA:152,1
DA:153,1
DA:154,1
DA:155,6
DA:156,6
DA:157,6
DA:158,6
DA:159,6
DA:160,7
DA:161,1
DA:162,1
DA:163,5
DA:164,5
DA:165,5
DA:166,7
DA:167,2
DA:168,2
DA:169,1
DA:170,1
DA:171,1
DA:172,1
DA:173,7
DA:174,3
DA:175,3
DA:176,4
DA:177,4
DA:178,4
DA:179,4
DA:180,4
DA:181,4
DA:182,4
DA:183,4
DA:184,4
DA:185,4
DA:186,4
DA:187,2
DA:188,2
DA:189,2
DA:190,2
DA:191,2
DA:192,7
DA:193,5
DA:194,5
DA:195,5
DA:196,5
DA:197,5
DA:198,5
DA:199,5
DA:200,5
DA:201,5
DA:202,5
DA:203,5
DA:204,5
DA:205,5
DA:206,5
DA:207,5
DA:208,4
DA:209,4
DA:210,4
DA:211,4
DA:212,5
DA:213,1
DA:214,1
DA:215,1
DA:216,1
DA:217,5
DA:218,8
DA:219,8
DA:220,9
DA:221,9
DA:222,9
LF:222
LH:207
BRDA:24,0,0,8
BRDA:25,1,0,2
BRDA:27,2,0,6
BRDA:31,3,0,2
BRDA:33,4,0,4
BRDA:35,5,0,2
BRDA:35,6,0,2
BRDA:41,7,0,0
BRDA:49,8,0,4
BRDA:50,9,0,3
BRDA:53,10,0,1
BRDA:55,11,0,2
BRDA:57,12,0,1
BRDA:63,13,0,0
BRDA:66,14,0,1
BRDA:70,15,0,0
BRDA:80,16,0,4
BRDA:89,17,0,0
BRDA:104,18,0,0
BRDA:113,19,0,9
BRDA:120,20,0,1
BRDA:124,21,0,0
BRDA:129,22,0,8
BRDA:130,23,0,1
BRDA:132,24,0,7
BRDA:135,25,0,0
BRDA:137,26,0,7
BRDA:138,27,0,7
BRDA:218,28,0,7
BRDA:143,29,0,7
BRDA:146,30,0,1
BRDA:151,31,0,0
BRDA:154,32,0,6
BRDA:160,33,0,1
BRDA:162,34,0,5
BRDA:166,35,0,2
BRDA:168,36,0,1
BRDA:170,37,0,0
BRDA:173,38,0,3
BRDA:175,39,0,4
BRDA:186,40,0,2
BRDA:192,41,0,5
BRDA:194,42,0,2
BRDA:207,43,0,2
BRDA:207,44,0,4
BRDA:212,45,0,1
BRDA:177,46,0,4
BRDA:185,47,0,2
BRF:48
BRH:39
end_of_record
TN:
SF:src\index.ts
FN:1,(empty-report)
FNF:1
FNH:0
FNDA:0,(empty-report)
DA:1,0
DA:2,0
DA:3,0
DA:4,0
DA:5,0
DA:6,0
DA:7,0
DA:8,0
DA:9,0
DA:10,0
DA:11,0
LF:11
LH:0
BRDA:1,0,0,0
BRF:1
BRH:0
end_of_record
TN:
SF:src\messaging-client.ts
FN:20,MessagingClientImpl
FN:22,<instance_members_initializer>
FN:24,connect
FN:28,disconnect
FN:32,assertExchange
FN:37,assertQueue
FN:42,bindQueue
FN:47,publish
FN:53,subscribe
FN:58,healthCheck
FN:61,check
FN:71,createMessagingClient
FNF:12
FNH:9
FNDA:6,MessagingClientImpl
FNDA:6,<instance_members_initializer>
FNDA:1,connect
FNDA:1,disconnect
FNDA:1,assertExchange
FNDA:0,assertQueue
FNDA:1,bindQueue
FNDA:0,publish
FNDA:0,subscribe
FNDA:1,healthCheck
FNDA:1,check
FNDA:6,createMessagingClient
DA:1,1
DA:2,1
DA:3,1
DA:4,1
DA:5,1
DA:6,1
DA:7,1
DA:8,1
DA:9,1
DA:10,1
DA:11,1
DA:12,1
DA:13,1
DA:14,1
DA:15,1
DA:16,1
DA:17,1
DA:18,1
DA:19,1
DA:20,1
DA:21,6
DA:22,6
DA:23,1
DA:24,1
DA:25,1
DA:26,1
DA:27,1
DA:28,1
DA:29,1
DA:30,1
DA:31,1
DA:32,1
DA:33,1
DA:34,1
DA:35,1
DA:36,1
DA:37,1
DA:38,0
DA:39,0
DA:40,0
DA:41,1
DA:42,1
DA:43,1
DA:44,1
DA:45,1
DA:46,1
DA:47,1
DA:48,0
DA:49,0
DA:50,0
DA:51,0
DA:52,1
DA:53,1
DA:54,0
DA:55,0
DA:56,0
DA:57,1
DA:58,1
DA:59,1
DA:60,1
DA:61,1
DA:62,1
DA:63,0
DA:64,0
DA:65,1
DA:66,1
DA:67,1
DA:68,1
DA:69,1
DA:70,1
DA:71,1
DA:72,6
LF:72
LH:60
BRDA:20,0,0,6
BRDA:22,1,0,6
BRDA:24,2,0,1
BRDA:28,3,0,1
BRDA:32,4,0,1
BRDA:42,5,0,1
BRDA:58,6,0,1
BRDA:61,7,0,1
BRDA:62,8,0,0
BRDA:71,9,0,6
BRF:10
BRH:9
end_of_record
TN:
SF:src\messaging-metrics.ts
FN:3,getOrCreateCounter
FN:16,getOrCreateHistogram
FNF:2
FNH:2
FNDA:4,getOrCreateCounter
FNDA:1,getOrCreateHistogram
DA:1,1
DA:2,1
DA:3,1
DA:4,4
DA:5,4
DA:6,4
DA:7,4
DA:8,4
DA:9,4
DA:10,0
DA:11,0
DA:12,4
DA:13,4
DA:14,4
DA:15,1
DA:16,1
DA:17,1
DA:18,1
DA:19,1
DA:20,1
DA:21,1
DA:22,1
DA:23,0
DA:24,0
DA:25,1
DA:26,1
DA:27,1
DA:28,1
DA:29,1
DA:30,1
DA:31,1
DA:32,1
DA:33,1
DA:34,1
DA:35,1
DA:36,1
DA:37,1
DA:38,1
DA:39,1
DA:40,1
DA:41,1
DA:42,1
DA:43,1
DA:44,1
DA:45,1
DA:46,1
DA:47,1
DA:48,1
DA:49,1
DA:50,1
DA:51,1
DA:52,1
DA:53,1
DA:54,1
DA:55,1
DA:56,1
DA:57,1
DA:58,1
DA:59,1
DA:60,1
DA:61,1
DA:62,1
DA:63,1
DA:64,1
DA:65,1
DA:66,1
DA:67,1
DA:68,1
DA:69,1
DA:70,1
DA:71,1
DA:72,1
DA:73,1
DA:74,1
DA:75,1
DA:76,1
DA:77,1
DA:78,1
DA:79,1
DA:80,1
DA:81,1
DA:82,1
DA:83,1
DA:84,1
LF:84
LH:80
BRDA:3,0,0,4
BRDA:9,1,0,0
BRDA:16,2,0,1
BRDA:22,3,0,0
BRF:4
BRH:2
end_of_record
TN:
SF:src\publisher.ts
FN:11,publishMessage
FNF:1
FNH:1
FNDA:2,publishMessage
DA:1,1
DA:2,1
DA:3,1
DA:4,1
DA:5,1
DA:6,1
DA:7,1
DA:8,1
DA:9,1
DA:10,1
DA:11,1
DA:12,2
DA:13,2
DA:14,2
DA:15,2
DA:16,2
DA:17,2
DA:18,2
DA:19,2
DA:20,2
DA:21,2
DA:22,2
DA:23,2
DA:24,2
DA:25,2
DA:26,2
DA:27,2
DA:28,2
DA:29,2
DA:30,2
DA:31,2
DA:32,2
DA:33,2
DA:34,2
LF:34
LH:34
BRDA:11,0,0,2
BRDA:18,1,0,2
BRF:2
BRH:2
end_of_record
TN:
SF:src\retry-policy.ts
FN:4,NonRetryableError
FN:15,parseRetryCount
FN:26,isRetryExhausted
FN:29,assertQueueWithDlq
FNF:4
FNH:4
FNDA:4,NonRetryableError
FNDA:17,parseRetryCount
FNDA:6,isRetryExhausted
FNDA:1,assertQueueWithDlq
DA:1,1
DA:2,1
DA:3,1
DA:4,1
DA:5,4
DA:6,4
DA:7,4
DA:8,1
DA:9,1
DA:10,1
DA:11,1
DA:12,1
DA:13,1
DA:14,1
DA:15,1
DA:16,17
DA:17,17
DA:18,17
DA:19,10
DA:20,10
DA:21,7
DA:22,7
DA:23,17
DA:24,17
DA:25,1
DA:26,1
DA:27,6
DA:28,1
DA:29,1
DA:30,1
DA:31,1
DA:32,1
DA:33,1
DA:34,1
DA:35,1
DA:36,1
DA:37,1
DA:38,1
DA:39,1
DA:40,1
DA:41,1
DA:42,1
DA:43,1
DA:44,1
DA:45,1
DA:46,1
DA:47,1
DA:48,1
DA:49,1
DA:50,1
DA:51,1
DA:52,1
DA:53,1
DA:54,1
DA:55,1
DA:56,1
DA:57,1
DA:58,1
DA:59,1
LF:59
LH:59
BRDA:4,0,0,4
BRDA:15,1,0,17
BRDA:18,2,0,10
BRDA:20,3,0,7
BRDA:23,4,0,6
BRDA:23,5,0,6
BRDA:23,6,0,1
BRDA:22,7,0,7
BRDA:26,8,0,6
BRDA:29,9,0,1
BRF:10
BRH:10
end_of_record
